<?xml version="1.0" encoding="UTF-8"?>
<testng-results ignored="0" total="11" passed="11" failed="0" skipped="0">
  <reporter-output>
  </reporter-output>
  <suite started-at="2025-05-21T16:53:29 GMT+01:00" name="EcommercePomSuite" finished-at="2025-05-21T16:54:31 GMT+01:00" duration-ms="61631">
    <groups>
    </groups>
    <test started-at="2025-05-21T16:53:29 GMT+01:00" name="chromeTest" finished-at="2025-05-21T16:54:31 GMT+01:00" duration-ms="61631">
      <class name="tests.LoginTest">
        <test-method signature="InvalidEmailLogin()[pri:1, instance:tests.LoginTest@31c7528f]" started-at="2025-05-21T16:53:39 GMT+01:00" name="InvalidEmailLogin" finished-at="2025-05-21T16:53:43 GMT+01:00" duration-ms="4005" status="PASS">
          <reporter-output>
          </reporter-output>
        </test-method> <!-- InvalidEmailLogin -->
        <test-method signature="InvalidPasswordLogin()[pri:2, instance:tests.LoginTest@31c7528f]" started-at="2025-05-21T16:53:43 GMT+01:00" name="InvalidPasswordLogin" finished-at="2025-05-21T16:53:53 GMT+01:00" duration-ms="9898" status="PASS">
          <reporter-output>
          </reporter-output>
        </test-method> <!-- InvalidPasswordLogin -->
        <test-method signature="EmptyCredentialsLogin()[pri:3, instance:tests.LoginTest@31c7528f]" started-at="2025-05-21T16:53:53 GMT+01:00" name="EmptyCredentialsLogin" finished-at="2025-05-21T16:53:54 GMT+01:00" duration-ms="1203" status="PASS">
          <reporter-output>
          </reporter-output>
        </test-method> <!-- EmptyCredentialsLogin -->
        <test-method signature="ValidCredentialsLogin()[pri:4, instance:tests.LoginTest@31c7528f]" started-at="2025-05-21T16:53:54 GMT+01:00" name="ValidCredentialsLogin" finished-at="2025-05-21T16:53:58 GMT+01:00" duration-ms="4192" status="PASS">
          <reporter-output>
          </reporter-output>
        </test-method> <!-- ValidCredentialsLogin -->
      </class> <!-- tests.LoginTest -->
      <class name="tests.ProductOrderTest">
        <test-method signature="editShipping()[pri:1, instance:tests.ProductOrderTest@2f62ea70]" started-at="2025-05-21T16:54:12 GMT+01:00" name="editShipping" finished-at="2025-05-21T16:54:31 GMT+01:00" duration-ms="18335" status="PASS">
          <reporter-output>
          </reporter-output>
        </test-method> <!-- editShipping -->
      </class> <!-- tests.ProductOrderTest -->
      <class name="tests.AddProductToCartTest">
        <test-method signature="AddToCartProduct()[pri:1, instance:tests.AddProductToCartTest@7a1234bf]" started-at="2025-05-21T16:54:05 GMT+01:00" name="AddToCartProduct" finished-at="2025-05-21T16:54:12 GMT+01:00" duration-ms="7200" status="PASS">
          <reporter-output>
          </reporter-output>
        </test-method> <!-- AddToCartProduct -->
      </class> <!-- tests.AddProductToCartTest -->
      <class name="tests.ProductSearchTest">
        <test-method signature="SearchProduct()[pri:1, instance:tests.ProductSearchTest@2b76ff4e]" started-at="2025-05-21T16:53:58 GMT+01:00" name="SearchProduct" finished-at="2025-05-21T16:54:01 GMT+01:00" duration-ms="2513" status="PASS">
          <reporter-output>
          </reporter-output>
        </test-method> <!-- SearchProduct -->
        <test-method signature="SortProduct()[pri:2, instance:tests.ProductSearchTest@2b76ff4e]" started-at="2025-05-21T16:54:01 GMT+01:00" name="SortProduct" finished-at="2025-05-21T16:54:03 GMT+01:00" duration-ms="2380" status="PASS">
          <reporter-output>
          </reporter-output>
        </test-method> <!-- SortProduct -->
        <test-method signature="ChooseProduct()[pri:3, instance:tests.ProductSearchTest@2b76ff4e]" started-at="2025-05-21T16:54:03 GMT+01:00" name="ChooseProduct" finished-at="2025-05-21T16:54:05 GMT+01:00" duration-ms="1965" status="PASS">
          <reporter-output>
          </reporter-output>
        </test-method> <!-- ChooseProduct -->
      </class> <!-- tests.ProductSearchTest -->
      <class name="tests.RegistrationTest">
        <test-method is-config="true" signature="StartDriver(java.lang.String)[pri:0, instance:tests.RegistrationTest@4b40f651]" started-at="2025-05-21T16:53:18 GMT+01:00" name="StartDriver" finished-at="2025-05-21T16:53:29 GMT+01:00" duration-ms="11312" status="PASS">
          <params>
            <param index="0">
              <value>
                <![CDATA[chrome]]>
              </value>
            </param>
          </params>
          <reporter-output>
          </reporter-output>
        </test-method> <!-- StartDriver -->
        <test-method signature="Registration()[pri:1, instance:tests.RegistrationTest@4b40f651]" started-at="2025-05-21T16:53:29 GMT+01:00" name="Registration" finished-at="2025-05-21T16:53:34 GMT+01:00" duration-ms="5294" status="PASS">
          <reporter-output>
          </reporter-output>
        </test-method> <!-- Registration -->
        <test-method signature="ChangePassword()[pri:2, instance:tests.RegistrationTest@4b40f651]" started-at="2025-05-21T16:53:34 GMT+01:00" name="ChangePassword" finished-at="2025-05-21T16:53:39 GMT+01:00" duration-ms="4376" status="PASS">
          <reporter-output>
          </reporter-output>
        </test-method> <!-- ChangePassword -->
        <test-method is-config="true" signature="tearDown()[pri:0, instance:tests.RegistrationTest@4b40f651]" started-at="2025-05-21T16:54:31 GMT+01:00" name="tearDown" finished-at="2025-05-21T16:54:31 GMT+01:00" duration-ms="1" status="PASS">
          <reporter-output>
          </reporter-output>
        </test-method> <!-- tearDown -->
      </class> <!-- tests.RegistrationTest -->
    </test> <!-- chromeTest -->
  </suite> <!-- EcommercePomSuite -->
</testng-results>
