<?xml version="1.0" encoding="UTF-8"?>
<!-- Generated by org.testng.reporters.JUnitXMLReporter -->
<testsuite ignored="8" hostname="Tester" failures="0" tests="11" name="chromeTest" time="61.631" errors="0" timestamp="2025-05-21T16:54:31 GMT+01:00">
  <testcase classname="tests.RegistrationTest" name="Registration" time="5.294"/>
  <testcase classname="tests.RegistrationTest" name="ChangePassword" time="4.376"/>
  <testcase classname="tests.LoginTest" name="InvalidEmailLogin" time="4.005"/>
  <testcase classname="tests.LoginTest" name="InvalidPasswordLogin" time="9.898"/>
  <testcase classname="tests.LoginTest" name="EmptyCredentialsLogin" time="1.203"/>
  <testcase classname="tests.LoginTest" name="ValidCredentialsLogin" time="4.192"/>
  <testcase classname="tests.ProductSearchTest" name="SearchProduct" time="2.513"/>
  <testcase classname="tests.ProductSearchTest" name="SortProduct" time="2.38"/>
  <testcase classname="tests.ProductSearchTest" name="ChooseProduct" time="1.965"/>
  <testcase classname="tests.AddProductToCartTest" name="AddToCartProduct" time="7.2"/>
  <testcase classname="tests.ProductOrderTest" name="editShipping" time="18.335"/>
  <testcase classname="tests.TestBase" name="@BeforeSuite StartDriver" time="0.0">
    <ignored/>
  </testcase> <!-- @BeforeSuite StartDriver -->
  <testcase classname="tests.TestBase" name="@BeforeSuite StartDriver" time="0.0">
    <ignored/>
  </testcase> <!-- @BeforeSuite StartDriver -->
  <testcase classname="tests.TestBase" name="@AfterSuite tearDown" time="0.0">
    <ignored/>
  </testcase> <!-- @AfterSuite tearDown -->
  <testcase classname="tests.TestBase" name="@BeforeSuite StartDriver" time="0.0">
    <ignored/>
  </testcase> <!-- @BeforeSuite StartDriver -->
  <testcase classname="tests.TestBase" name="@BeforeSuite StartDriver" time="0.0">
    <ignored/>
  </testcase> <!-- @BeforeSuite StartDriver -->
  <testcase classname="tests.TestBase" name="@AfterSuite tearDown" time="0.0">
    <ignored/>
  </testcase> <!-- @AfterSuite tearDown -->
  <testcase classname="tests.TestBase" name="@AfterSuite tearDown" time="0.0">
    <ignored/>
  </testcase> <!-- @AfterSuite tearDown -->
  <testcase classname="tests.TestBase" name="@AfterSuite tearDown" time="0.0">
    <ignored/>
  </testcase> <!-- @AfterSuite tearDown -->
</testsuite> <!-- chromeTest -->
